
Log for 'C:\Users\Shallu\AppData\Local\Temp\3c7b3949ab064c668991663bd45b7b02-pulp.lp' Clone_3 (V22.1.0.0) Tue Jun 11 05:16:06 2024

Tried aggregator 1 time.
No LP presolve or aggregator reductions.
Presolve time = 0.02 sec. (9.23 ticks)

Iteration log . . .
Sifting iteration    1 [ 1000]:   Scaled infeas =         92130.530015
Sifting iteration    2 [ 2000]:   Scaled infeas =             0.000000

Dual simplex solved model.


Log for 'C:\Users\Shallu\AppData\Local\Temp\83d87d7bc95046c8872482e14bdea97e-pulp.lp' Clone_3 (V22.1.0.0) Tue Jun 11 05:20:12 2024

Tried aggregator 1 time.
No LP presolve or aggregator reductions.
Presolve time = 0.03 sec. (9.23 ticks)

Iteration log . . .
Sifting iteration    1 [ 1000]:   Scaled infeas =         92130.530015
Sifting iteration    2 [ 2000]:   Scaled infeas =             0.000000

Dual simplex solved model.


Log for 'C:\Users\Shallu\AppData\Local\Temp\153d994cee3f4712909591d3ce552a70-pulp.lp' Clone_3 (V22.1.0.0) Tue Jun 11 05:21:00 2024

Tried aggregator 1 time.
No LP presolve or aggregator reductions.
Presolve time = 0.03 sec. (9.23 ticks)

Iteration log . . .
Sifting iteration    1 [ 1000]:   Scaled infeas =         92130.530015
Sifting iteration    2 [ 2000]:   Scaled infeas =             0.000000

Dual simplex solved model.


Log for 'C:\Users\Shallu\AppData\Local\Temp\eaa23b6676854df0b543d18a786fe2cc-pulp.lp' Clone_3 (V22.1.0.0) Tue Jun 11 05:29:32 2024

Tried aggregator 1 time.
No LP presolve or aggregator reductions.
Presolve time = 0.02 sec. (9.23 ticks)

Iteration log . . .
Sifting iteration    1 [ 1000]:   Scaled infeas =         92130.530015
Sifting iteration    2 [ 2000]:   Scaled infeas =             0.000000

Dual simplex solved model.


Log for 'C:\Users\Shallu\AppData\Local\Temp\85c3d42d8af14839968d5fff63d8ebc7-pulp.lp' Clone_3 (V22.1.0.0) Tue Jun 11 05:37:54 2024

Tried aggregator 1 time.
No LP presolve or aggregator reductions.
Presolve time = 0.02 sec. (9.23 ticks)

Iteration log . . .
Sifting iteration    1 [ 1000]:   Scaled infeas =         92130.530015
Sifting iteration    2 [ 2000]:   Scaled infeas =             0.000000

Dual simplex solved model.


Log for 'C:\Users\ADMINI~1\AppData\Local\Temp\1\816d0383b62048278062023b70fdd238-pulp.lp' Clone_3 (V22.1.1.0) Tue Jun 25 13:06:58 2024

Tried aggregator 1 time.
No LP presolve or aggregator reductions.
Presolve time = 0.08 sec. (9.23 ticks)

Iteration log . . .
Sifting iteration    1 [ 1000]:   Scaled infeas =         92130.530015
Sifting iteration    2 [ 2000]:   Scaled infeas =             0.000000

Dual simplex solved model.


Log for 'C:\Users\ADMINI~1\AppData\Local\Temp\1\c0fd1f5010784feba92d25b93694b325-pulp.lp' Clone_3 (V22.1.1.0) Tue Jun 25 14:41:46 2024

Tried aggregator 1 time.
No LP presolve or aggregator reductions.
Presolve time = 0.05 sec. (9.23 ticks)

Iteration log . . .
Sifting iteration    1 [ 1000]:   Scaled infeas =         92130.530015
Sifting iteration    2 [ 2000]:   Scaled infeas =             0.000000

Dual simplex solved model.


Log for 'C:\Users\ADMINI~1\AppData\Local\Temp\1\d504152d479a4936ae9f75100371289b-pulp.lp' Clone_3 (V22.1.1.0) Wed Jun 26 10:07:41 2024

Tried aggregator 1 time.
No LP presolve or aggregator reductions.
Presolve time = 0.03 sec. (9.23 ticks)

Iteration log . . .
Sifting iteration    1 [ 1000]:   Scaled infeas =         92130.530015
Sifting iteration    2 [ 2000]:   Scaled infeas =             0.000000

Dual simplex solved model.


Log for 'C:\Users\ADMINI~1\AppData\Local\Temp\1\ad0ff2be5b594c219b07373ab51abf51-pulp.lp' Clone_3 (V22.1.1.0) Wed Jun 26 10:08:12 2024

Tried aggregator 1 time.
No LP presolve or aggregator reductions.
Presolve time = 0.06 sec. (9.23 ticks)

Iteration log . . .
Sifting iteration    1 [ 1000]:   Scaled infeas =         92130.530015
Sifting iteration    2 [ 2000]:   Scaled infeas =             0.000000

Dual simplex solved model.


Log for 'C:\Users\ADMINI~1\AppData\Local\Temp\1\19c438d299d94a0c982356f62dd3ea28-pulp.lp' Clone_3 (V22.1.1.0) Wed Jun 26 15:17:40 2024

Tried aggregator 1 time.
No LP presolve or aggregator reductions.
Presolve time = 0.05 sec. (9.23 ticks)

Iteration log . . .
Sifting iteration    1 [ 1000]:   Scaled infeas =         92130.530015
Sifting iteration    2 [ 2000]:   Scaled infeas =             0.000000

Dual simplex solved model.


Log for 'C:\Users\Himanshu\AppData\Local\Temp\2\88368269a124457cb723d50a1df58497-pulp.lp' Clone_3 (V22.1.1.0) Thu Sep 19 22:41:29 2024

Tried aggregator 1 time.
No LP presolve or aggregator reductions.
Presolve time = 0.01 sec. (9.23 ticks)

Iteration log . . .
Sifting iteration    1 [ 1000]:   Scaled infeas =         92130.530015
Sifting iteration    2 [ 2000]:   Scaled infeas =             0.000000

Dual simplex solved model.

