
Log for 'C:\Users\training\AppData\Local\Temp\a2eb08b138304916a02d7dc97707a2d3-pulp.lp' Clone_1 (V22.1.1.0) Thu Apr 23 11:09:21 2026

Tried aggregator 1 time.
LP Presolve eliminated 2963386 rows and 5857520 columns.
All rows and columns eliminated.
Presolve time = 3.22 sec. (2593.14 ticks)

Log for 'C:\Users\training\AppData\Local\Temp\a2eb08b138304916a02d7dc97707a2d3-pulp.lp' Clone_1 (V22.1.1.0) Thu Apr 23 11:09:27 2026

Parallel mode: deterministic, using up to 30 threads for concurrent optimization:
 * Starting dual Simplex on 1 thread...
 * Starting primal Simplex on 1 thread...

Total time on 30 threads = 7.86 sec. (5260.63 ticks)

Dual simplex solved model.


Log for 'C:\Users\training\AppData\Local\Temp\60c260b4018d4cf1aadc58bc366ce0cb-pulp.lp' Clone_1 (V22.1.1.0) Thu Apr 23 11:31:35 2026

Tried aggregator 1 time.
LP Presolve eliminated 2963386 rows and 5857520 columns.
All rows and columns eliminated.
Presolve time = 3.30 sec. (2593.14 ticks)

Log for 'C:\Users\training\AppData\Local\Temp\60c260b4018d4cf1aadc58bc366ce0cb-pulp.lp' Clone_1 (V22.1.1.0) Thu Apr 23 11:31:41 2026

Parallel mode: deterministic, using up to 30 threads for concurrent optimization:
 * Starting dual Simplex on 1 thread...
 * Starting primal Simplex on 1 thread...

Total time on 30 threads = 7.92 sec. (5260.63 ticks)

Dual simplex solved model.


Log for 'C:\Users\training\AppData\Local\Temp\38365c08d01a4970afdf6578b62041eb-pulp.lp' Clone_1 (V22.1.1.0) Thu Apr 23 11:52:58 2026

Tried aggregator 1 time.
LP Presolve eliminated 2963386 rows and 5857520 columns.
All rows and columns eliminated.
Presolve time = 3.34 sec. (2593.14 ticks)

Log for 'C:\Users\training\AppData\Local\Temp\38365c08d01a4970afdf6578b62041eb-pulp.lp' Clone_1 (V22.1.1.0) Thu Apr 23 11:53:04 2026

Parallel mode: deterministic, using up to 30 threads for concurrent optimization:
 * Starting dual Simplex on 1 thread...
 * Starting primal Simplex on 1 thread...

Total time on 30 threads = 7.92 sec. (5260.63 ticks)

Dual simplex solved model.


Log for 'C:\Users\training\AppData\Local\Temp\eb0ec1b4dc204148bbcc0d26b25a7cfc-pulp.lp' Clone_1 (V22.1.1.0) Thu Apr 23 12:02:54 2026

Tried aggregator 1 time.
LP Presolve eliminated 2497 rows and 3560 columns.
All rows and columns eliminated.
Presolve time = 0.00 sec. (1.68 ticks)
Parallel mode: deterministic, using up to 30 threads for concurrent optimization:
 * Starting dual Simplex on 1 thread...
 * Starting primal Simplex on 1 thread...

Log for 'C:\Users\training\AppData\Local\Temp\eb0ec1b4dc204148bbcc0d26b25a7cfc-pulp.lp' Clone_1 (V22.1.1.0) Thu Apr 23 12:02:54 2026

Using devex.

Total time on 30 threads = 0.02 sec. (194.36 ticks)

Dual simplex solved model.


Log for 'C:\Users\training\AppData\Local\Temp\5c7b2b36ee25444ea4e8c4353e6fe05c-pulp.lp' Clone_1 (V22.1.1.0) Thu Apr 23 12:12:29 2026

Tried aggregator 1 time.
LP Presolve eliminated 2497 rows and 3560 columns.
All rows and columns eliminated.
Presolve time = 0.02 sec. (1.68 ticks)

Log for 'C:\Users\training\AppData\Local\Temp\5c7b2b36ee25444ea4e8c4353e6fe05c-pulp.lp' Clone_1 (V22.1.1.0) Thu Apr 23 12:12:29 2026

Using devex.
Parallel mode: deterministic, using up to 30 threads for concurrent optimization:
 * Starting dual Simplex on 1 thread...
 * Starting primal Simplex on 1 thread...

Total time on 30 threads = 0.02 sec. (194.36 ticks)

Dual simplex solved model.


Log for 'C:\Users\training\AppData\Local\Temp\a3f625689a65471ea8656494c6672f66-pulp.lp' Clone_1 (V22.1.1.0) Thu Apr 23 12:15:38 2026

Tried aggregator 1 time.
LP Presolve eliminated 2497 rows and 3560 columns.
All rows and columns eliminated.
Presolve time = 0.00 sec. (1.68 ticks)

Log for 'C:\Users\training\AppData\Local\Temp\a3f625689a65471ea8656494c6672f66-pulp.lp' Clone_1 (V22.1.1.0) Thu Apr 23 12:15:38 2026

Using devex.
Parallel mode: deterministic, using up to 30 threads for concurrent optimization:
 * Starting dual Simplex on 1 thread...
 * Starting primal Simplex on 1 thread...

Total time on 30 threads = 0.02 sec. (194.36 ticks)

Dual simplex solved model.


Log for 'C:\Users\training\AppData\Local\Temp\e64c3335e7a64bed8dbc4c1b8b483a1d-pulp.lp' Clone_1 (V22.1.1.0) Thu Apr 23 12:16:09 2026

Tried aggregator 1 time.
LP Presolve eliminated 2497 rows and 3560 columns.
All rows and columns eliminated.
Presolve time = 0.02 sec. (1.68 ticks)

Log for 'C:\Users\training\AppData\Local\Temp\e64c3335e7a64bed8dbc4c1b8b483a1d-pulp.lp' Clone_1 (V22.1.1.0) Thu Apr 23 12:16:09 2026

Using devex.
Parallel mode: deterministic, using up to 30 threads for concurrent optimization:
 * Starting dual Simplex on 1 thread...
 * Starting primal Simplex on 1 thread...

Total time on 30 threads = 0.02 sec. (194.36 ticks)

Dual simplex solved model.


Log for 'C:\Users\training\AppData\Local\Temp\3e0dab02e06d4d2282f46a8bec96307e-pulp.lp' Clone_1 (V22.1.1.0) Thu Apr 23 12:22:19 2026

Tried aggregator 1 time.
LP Presolve eliminated 2497 rows and 3560 columns.
All rows and columns eliminated.
Presolve time = 0.02 sec. (1.68 ticks)

Log for 'C:\Users\training\AppData\Local\Temp\3e0dab02e06d4d2282f46a8bec96307e-pulp.lp' Clone_1 (V22.1.1.0) Thu Apr 23 12:22:19 2026

Using devex.
Parallel mode: deterministic, using up to 30 threads for concurrent optimization:
 * Starting dual Simplex on 1 thread...
 * Starting primal Simplex on 1 thread...

Total time on 30 threads = 0.02 sec. (194.36 ticks)

Dual simplex solved model.


Log for 'C:\Users\training\AppData\Local\Temp\864379c9a7e1476b8467c6fc352e793f-pulp.lp' Clone_1 (V22.1.1.0) Tue May  5 11:27:55 2026

Tried aggregator 1 time.
LP Presolve eliminated 51898 rows and 34598 columns.
All rows and columns eliminated.
Presolve time = 0.03 sec. (20.48 ticks)

Log for 'C:\Users\training\AppData\Local\Temp\864379c9a7e1476b8467c6fc352e793f-pulp.lp' Clone_1 (V22.1.1.0) Tue May  5 11:27:55 2026

Using devex.
Parallel mode: deterministic, using up to 30 threads for concurrent optimization:
 * Starting dual Simplex on 1 thread...
 * Starting primal Simplex on 1 thread...

Total time on 30 threads = 0.11 sec. (243.98 ticks)

Dual simplex solved model.


Log for 'C:\Users\training\AppData\Local\Temp\15cfe834b13b476d8c11f31ccb4a5a9b-pulp.lp' Clone_1 (V22.1.1.0) Tue May  5 11:49:57 2026

Tried aggregator 1 time.
LP Presolve eliminated 51898 rows and 34598 columns.
All rows and columns eliminated.
Presolve time = 0.03 sec. (20.48 ticks)

Log for 'C:\Users\training\AppData\Local\Temp\15cfe834b13b476d8c11f31ccb4a5a9b-pulp.lp' Clone_1 (V22.1.1.0) Tue May  5 11:49:57 2026

Using devex.
Parallel mode: deterministic, using up to 30 threads for concurrent optimization:
 * Starting dual Simplex on 1 thread...
 * Starting primal Simplex on 1 thread...

Total time on 30 threads = 0.12 sec. (243.98 ticks)

Dual simplex solved model.


Log for 'C:\Users\training\AppData\Local\Temp\6150a56fb44f4d49b2fb6bcc144ed7a3-pulp.lp' Clone_1 (V22.1.1.0) Tue May  5 11:54:03 2026

Tried aggregator 1 time.
LP Presolve eliminated 51898 rows and 34598 columns.
All rows and columns eliminated.
Presolve time = 0.03 sec. (20.48 ticks)

Log for 'C:\Users\training\AppData\Local\Temp\6150a56fb44f4d49b2fb6bcc144ed7a3-pulp.lp' Clone_1 (V22.1.1.0) Tue May  5 11:54:03 2026

Using devex.
Parallel mode: deterministic, using up to 30 threads for concurrent optimization:
 * Starting dual Simplex on 1 thread...
 * Starting primal Simplex on 1 thread...

Total time on 30 threads = 0.11 sec. (243.98 ticks)

Dual simplex solved model.


Log for 'C:\Users\training\AppData\Local\Temp\93fb7aa92e264ad6a173da9110d9b051-pulp.lp' Clone_1 (V22.1.1.0) Tue May  5 11:56:28 2026

Tried aggregator 1 time.
LP Presolve eliminated 51898 rows and 34598 columns.
All rows and columns eliminated.
Presolve time = 0.03 sec. (20.48 ticks)

Log for 'C:\Users\training\AppData\Local\Temp\93fb7aa92e264ad6a173da9110d9b051-pulp.lp' Clone_1 (V22.1.1.0) Tue May  5 11:56:28 2026

Using devex.
Parallel mode: deterministic, using up to 30 threads for concurrent optimization:
 * Starting dual Simplex on 1 thread...
 * Starting primal Simplex on 1 thread...

Total time on 30 threads = 0.12 sec. (243.98 ticks)

Dual simplex solved model.


Log for 'C:\Users\training\AppData\Local\Temp\fd7d298839f34042917d669eb257c786-pulp.lp' Clone_1 (V22.1.1.0) Tue May  5 11:59:24 2026

Tried aggregator 1 time.
LP Presolve eliminated 51898 rows and 34598 columns.
All rows and columns eliminated.
Presolve time = 0.03 sec. (20.48 ticks)

Log for 'C:\Users\training\AppData\Local\Temp\fd7d298839f34042917d669eb257c786-pulp.lp' Clone_1 (V22.1.1.0) Tue May  5 11:59:24 2026

Using devex.
Parallel mode: deterministic, using up to 30 threads for concurrent optimization:
 * Starting dual Simplex on 1 thread...
 * Starting primal Simplex on 1 thread...

Total time on 30 threads = 0.12 sec. (243.98 ticks)

Dual simplex solved model.

